{"D:\\CodingProjects\\e-commerce-store\\e-comerce-backend\\backend\\server.js": {"path":"D:\\CodingProjects\\e-commerce-store\\e-comerce-backend\\backend\\server.js","statementMap":{"0":{"start":{"line":1,"column":0},"end":{"line":1,"column":27}},"1":{"start":{"line":2,"column":16},"end":{"line":2,"column":34}},"2":{"start":{"line":3,"column":22},"end":{"line":3,"column":55}},"3":{"start":{"line":4,"column":19},"end":{"line":4,"column":49}},"4":{"start":{"line":5,"column":19},"end":{"line":5,"column":49}},"5":{"start":{"line":6,"column":22},"end":{"line":6,"column":44}},"6":{"start":{"line":7,"column":13},"end":{"line":7,"column":28}},"7":{"start":{"line":9,"column":0},"end":{"line":9,"column":12}},"8":{"start":{"line":11,"column":12},"end":{"line":11,"column":21}},"9":{"start":{"line":13,"column":0},"end":{"line":13,"column":24}},"10":{"start":{"line":14,"column":0},"end":{"line":14,"column":16}},"11":{"start":{"line":16,"column":0},"end":{"line":18,"column":3}},"12":{"start":{"line":17,"column":2},"end":{"line":17,"column":42}},"13":{"start":{"line":20,"column":0},"end":{"line":20,"column":40}},"14":{"start":{"line":21,"column":0},"end":{"line":21,"column":33}},"15":{"start":{"line":22,"column":0},"end":{"line":22,"column":33}},"16":{"start":{"line":24,"column":13},"end":{"line":24,"column":37}},"17":{"start":{"line":28,"column":0},"end":{"line":28,"column":21}}},"fnMap":{"0":{"name":"(anonymous_0)","decl":{"start":{"line":16,"column":13},"end":{"line":16,"column":14}},"loc":{"start":{"line":16,"column":27},"end":{"line":18,"column":1}},"line":16}},"branchMap":{"0":{"loc":{"start":{"line":24,"column":13},"end":{"line":24,"column":37}},"type":"binary-expr","locations":[{"start":{"line":24,"column":13},"end":{"line":24,"column":29}},{"start":{"line":24,"column":33},"end":{"line":24,"column":37}}],"line":24}},"s":{"0":1,"1":1,"2":1,"3":1,"4":1,"5":1,"6":1,"7":1,"8":1,"9":1,"10":1,"11":1,"12":1,"13":1,"14":1,"15":1,"16":1,"17":1},"f":{"0":1},"b":{"0":[1,1]},"_coverageSchema":"1a1c01bbd47fc00a2c39e90264f33305004495a9","hash":"41b2493280939fae92e12415755f0a73885a59eb"}
,"D:\\CodingProjects\\e-commerce-store\\e-comerce-backend\\backend\\config\\config.js": {"path":"D:\\CodingProjects\\e-commerce-store\\e-comerce-backend\\backend\\config\\config.js","statementMap":{"0":{"start":{"line":1,"column":12},"end":{"line":4,"column":1}},"1":{"start":{"line":5,"column":0},"end":{"line":5,"column":22}}},"fnMap":{},"branchMap":{"0":{"loc":{"start":{"line":2,"column":7},"end":{"line":2,"column":58}},"type":"binary-expr","locations":[{"start":{"line":2,"column":7},"end":{"line":2,"column":29}},{"start":{"line":2,"column":33},"end":{"line":2,"column":58}}],"line":2}},"s":{"0":1,"1":1},"f":{},"b":{"0":[1,1]},"_coverageSchema":"1a1c01bbd47fc00a2c39e90264f33305004495a9","hash":"7447c26448cd451f312851ddc0de0405c07a37d8"}
,"D:\\CodingProjects\\e-commerce-store\\e-comerce-backend\\backend\\config\\db.js": {"path":"D:\\CodingProjects\\e-commerce-store\\e-comerce-backend\\backend\\config\\db.js","statementMap":{"0":{"start":{"line":1,"column":0},"end":{"line":1,"column":26}},"1":{"start":{"line":2,"column":17},"end":{"line":2,"column":36}},"2":{"start":{"line":4,"column":18},"end":{"line":19,"column":1}},"3":{"start":{"line":5,"column":2},"end":{"line":18,"column":3}},"4":{"start":{"line":6,"column":4},"end":{"line":12,"column":5}},"5":{"start":{"line":14,"column":4},"end":{"line":14,"column":45}},"6":{"start":{"line":16,"column":4},"end":{"line":16,"column":44}},"7":{"start":{"line":17,"column":4},"end":{"line":17,"column":19}},"8":{"start":{"line":21,"column":0},"end":{"line":21,"column":28}}},"fnMap":{"0":{"name":"(anonymous_0)","decl":{"start":{"line":4,"column":18},"end":{"line":4,"column":19}},"loc":{"start":{"line":4,"column":30},"end":{"line":19,"column":1}},"line":4}},"branchMap":{"0":{"loc":{"start":{"line":7,"column":6},"end":{"line":7,"column":63}},"type":"binary-expr","locations":[{"start":{"line":7,"column":6},"end":{"line":7,"column":27}},{"start":{"line":7,"column":31},"end":{"line":7,"column":63}}],"line":7}},"s":{"0":1,"1":1,"2":1,"3":1,"4":1,"5":1,"6":0,"7":0,"8":1},"f":{"0":1},"b":{"0":[1,1]},"_coverageSchema":"1a1c01bbd47fc00a2c39e90264f33305004495a9","hash":"ec53bb50fe8b05462bb260ffe4369f55a96054b6"}
,"D:\\CodingProjects\\e-commerce-store\\e-comerce-backend\\backend\\controller\\cart.controller.js": {"path":"D:\\CodingProjects\\e-commerce-store\\e-comerce-backend\\backend\\controller\\cart.controller.js","statementMap":{"0":{"start":{"line":1,"column":13},"end":{"line":1,"column":38}},"1":{"start":{"line":2,"column":28},"end":{"line":2,"column":63}},"2":{"start":{"line":4,"column":24},"end":{"line":13,"column":1}},"3":{"start":{"line":5,"column":2},"end":{"line":12,"column":3}},"4":{"start":{"line":6,"column":18},"end":{"line":6,"column":79}},"5":{"start":{"line":8,"column":4},"end":{"line":8,"column":47}},"6":{"start":{"line":10,"column":4},"end":{"line":10,"column":20}},"7":{"start":{"line":11,"column":4},"end":{"line":11,"column":47}},"8":{"start":{"line":15,"column":25},"end":{"line":29,"column":1}},"9":{"start":{"line":16,"column":29},"end":{"line":16,"column":37}},"10":{"start":{"line":17,"column":2},"end":{"line":28,"column":3}},"11":{"start":{"line":18,"column":17},"end":{"line":22,"column":5}},"12":{"start":{"line":24,"column":4},"end":{"line":24,"column":46}},"13":{"start":{"line":26,"column":4},"end":{"line":26,"column":20}},"14":{"start":{"line":27,"column":4},"end":{"line":27,"column":47}},"15":{"start":{"line":30,"column":28},"end":{"line":38,"column":1}},"16":{"start":{"line":31,"column":2},"end":{"line":37,"column":3}},"17":{"start":{"line":32,"column":4},"end":{"line":32,"column":47}},"18":{"start":{"line":33,"column":4},"end":{"line":33,"column":40}},"19":{"start":{"line":35,"column":4},"end":{"line":35,"column":20}},"20":{"start":{"line":36,"column":4},"end":{"line":36,"column":47}},"21":{"start":{"line":39,"column":0},"end":{"line":39,"column":73}}},"fnMap":{"0":{"name":"(anonymous_0)","decl":{"start":{"line":4,"column":24},"end":{"line":4,"column":25}},"loc":{"start":{"line":4,"column":44},"end":{"line":13,"column":1}},"line":4},"1":{"name":"(anonymous_1)","decl":{"start":{"line":15,"column":25},"end":{"line":15,"column":26}},"loc":{"start":{"line":15,"column":45},"end":{"line":29,"column":1}},"line":15},"2":{"name":"(anonymous_2)","decl":{"start":{"line":30,"column":28},"end":{"line":30,"column":29}},"loc":{"start":{"line":30,"column":48},"end":{"line":38,"column":1}},"line":30}},"branchMap":{},"s":{"0":1,"1":1,"2":1,"3":1,"4":1,"5":1,"6":0,"7":0,"8":1,"9":1,"10":1,"11":1,"12":0,"13":1,"14":1,"15":1,"16":0,"17":0,"18":0,"19":0,"20":0,"21":1},"f":{"0":1,"1":1,"2":0},"b":{},"_coverageSchema":"1a1c01bbd47fc00a2c39e90264f33305004495a9","hash":"80ac6ee3dea7b8f5164412cc7a621011f292b554"}
,"D:\\CodingProjects\\e-commerce-store\\e-comerce-backend\\backend\\controller\\productControllers.js": {"path":"D:\\CodingProjects\\e-commerce-store\\e-comerce-backend\\backend\\controller\\productControllers.js","statementMap":{"0":{"start":{"line":1,"column":16},"end":{"line":1,"column":44}},"1":{"start":{"line":3,"column":20},"end":{"line":11,"column":1}},"2":{"start":{"line":4,"column":2},"end":{"line":10,"column":3}},"3":{"start":{"line":5,"column":21},"end":{"line":5,"column":43}},"4":{"start":{"line":6,"column":4},"end":{"line":6,"column":23}},"5":{"start":{"line":8,"column":4},"end":{"line":8,"column":25}},"6":{"start":{"line":9,"column":4},"end":{"line":9,"column":54}},"7":{"start":{"line":13,"column":23},"end":{"line":22,"column":1}},"8":{"start":{"line":14,"column":2},"end":{"line":21,"column":3}},"9":{"start":{"line":15,"column":20},"end":{"line":15,"column":57}},"10":{"start":{"line":17,"column":4},"end":{"line":17,"column":22}},"11":{"start":{"line":19,"column":4},"end":{"line":19,"column":25}},"12":{"start":{"line":20,"column":4},"end":{"line":20,"column":54}},"13":{"start":{"line":24,"column":0},"end":{"line":27,"column":2}}},"fnMap":{"0":{"name":"(anonymous_0)","decl":{"start":{"line":3,"column":20},"end":{"line":3,"column":21}},"loc":{"start":{"line":3,"column":40},"end":{"line":11,"column":1}},"line":3},"1":{"name":"(anonymous_1)","decl":{"start":{"line":13,"column":23},"end":{"line":13,"column":24}},"loc":{"start":{"line":13,"column":43},"end":{"line":22,"column":1}},"line":13}},"branchMap":{},"s":{"0":1,"1":1,"2":1,"3":1,"4":1,"5":0,"6":0,"7":1,"8":0,"9":0,"10":0,"11":0,"12":0,"13":1},"f":{"0":1,"1":0},"b":{},"_coverageSchema":"1a1c01bbd47fc00a2c39e90264f33305004495a9","hash":"e9216467a0fecab4098f6fa936ab7d05a08de91b"}
,"D:\\CodingProjects\\e-commerce-store\\e-comerce-backend\\backend\\controller\\user.controller.js": {"path":"D:\\CodingProjects\\e-commerce-store\\e-comerce-backend\\backend\\controller\\user.controller.js","statementMap":{"0":{"start":{"line":1,"column":16},"end":{"line":1,"column":34}},"1":{"start":{"line":2,"column":15},"end":{"line":2,"column":32}},"2":{"start":{"line":3,"column":13},"end":{"line":3,"column":38}},"3":{"start":{"line":4,"column":28},"end":{"line":4,"column":63}},"4":{"start":{"line":5,"column":34},"end":{"line":5,"column":70}},"5":{"start":{"line":7,"column":19},"end":{"line":32,"column":1}},"6":{"start":{"line":8,"column":38},"end":{"line":8,"column":46}},"7":{"start":{"line":9,"column":2},"end":{"line":12,"column":3}},"8":{"start":{"line":10,"column":4},"end":{"line":10,"column":56}},"9":{"start":{"line":11,"column":4},"end":{"line":11,"column":10}},"10":{"start":{"line":13,"column":2},"end":{"line":16,"column":3}},"11":{"start":{"line":14,"column":4},"end":{"line":14,"column":60}},"12":{"start":{"line":15,"column":4},"end":{"line":15,"column":10}},"13":{"start":{"line":17,"column":2},"end":{"line":20,"column":3}},"14":{"start":{"line":18,"column":4},"end":{"line":18,"column":59}},"15":{"start":{"line":19,"column":4},"end":{"line":19,"column":10}},"16":{"start":{"line":21,"column":2},"end":{"line":31,"column":3}},"17":{"start":{"line":22,"column":17},"end":{"line":22,"column":47}},"18":{"start":{"line":24,"column":4},"end":{"line":24,"column":73}},"19":{"start":{"line":25,"column":4},"end":{"line":25,"column":55}},"20":{"start":{"line":26,"column":4},"end":{"line":26,"column":10}},"21":{"start":{"line":28,"column":4},"end":{"line":28,"column":32}},"22":{"start":{"line":29,"column":4},"end":{"line":29,"column":67}},"23":{"start":{"line":30,"column":4},"end":{"line":30,"column":10}},"24":{"start":{"line":34,"column":19},"end":{"line":54,"column":1}},"25":{"start":{"line":35,"column":28},"end":{"line":35,"column":36}},"26":{"start":{"line":36,"column":2},"end":{"line":36,"column":23}},"27":{"start":{"line":37,"column":2},"end":{"line":53,"column":3}},"28":{"start":{"line":38,"column":17},"end":{"line":38,"column":44}},"29":{"start":{"line":39,"column":4},"end":{"line":41,"column":5}},"30":{"start":{"line":40,"column":6},"end":{"line":40,"column":64}},"31":{"start":{"line":43,"column":17},"end":{"line":43,"column":61}},"32":{"start":{"line":44,"column":4},"end":{"line":48,"column":5}},"33":{"start":{"line":45,"column":18},"end":{"line":45,"column":32}},"34":{"start":{"line":46,"column":6},"end":{"line":46,"column":49}},"35":{"start":{"line":47,"column":6},"end":{"line":47,"column":12}},"36":{"start":{"line":49,"column":4},"end":{"line":49,"column":53}},"37":{"start":{"line":51,"column":4},"end":{"line":51,"column":28}},"38":{"start":{"line":52,"column":4},"end":{"line":52,"column":47}},"39":{"start":{"line":56,"column":16},"end":{"line":58,"column":1}},"40":{"start":{"line":57,"column":2},"end":{"line":57,"column":40}},"41":{"start":{"line":59,"column":0},"end":{"line":59,"column":50}}},"fnMap":{"0":{"name":"(anonymous_0)","decl":{"start":{"line":7,"column":19},"end":{"line":7,"column":20}},"loc":{"start":{"line":7,"column":39},"end":{"line":32,"column":1}},"line":7},"1":{"name":"(anonymous_1)","decl":{"start":{"line":34,"column":19},"end":{"line":34,"column":20}},"loc":{"start":{"line":34,"column":39},"end":{"line":54,"column":1}},"line":34},"2":{"name":"(anonymous_2)","decl":{"start":{"line":56,"column":16},"end":{"line":56,"column":17}},"loc":{"start":{"line":56,"column":36},"end":{"line":58,"column":1}},"line":56}},"branchMap":{"0":{"loc":{"start":{"line":9,"column":2},"end":{"line":12,"column":3}},"type":"if","locations":[{"start":{"line":9,"column":2},"end":{"line":12,"column":3}},{"start":{},"end":{}}],"line":9},"1":{"loc":{"start":{"line":13,"column":2},"end":{"line":16,"column":3}},"type":"if","locations":[{"start":{"line":13,"column":2},"end":{"line":16,"column":3}},{"start":{},"end":{}}],"line":13},"2":{"loc":{"start":{"line":17,"column":2},"end":{"line":20,"column":3}},"type":"if","locations":[{"start":{"line":17,"column":2},"end":{"line":20,"column":3}},{"start":{},"end":{}}],"line":17},"3":{"loc":{"start":{"line":39,"column":4},"end":{"line":41,"column":5}},"type":"if","locations":[{"start":{"line":39,"column":4},"end":{"line":41,"column":5}},{"start":{},"end":{}}],"line":39},"4":{"loc":{"start":{"line":44,"column":4},"end":{"line":48,"column":5}},"type":"if","locations":[{"start":{"line":44,"column":4},"end":{"line":48,"column":5}},{"start":{},"end":{}}],"line":44}},"s":{"0":1,"1":1,"2":1,"3":1,"4":1,"5":1,"6":3,"7":3,"8":1,"9":1,"10":2,"11":1,"12":1,"13":1,"14":1,"15":1,"16":0,"17":0,"18":0,"19":0,"20":0,"21":0,"22":0,"23":0,"24":1,"25":5,"26":5,"27":5,"28":5,"29":5,"30":0,"31":5,"32":5,"33":4,"34":4,"35":4,"36":1,"37":0,"38":0,"39":1,"40":1,"41":1},"f":{"0":3,"1":5,"2":1},"b":{"0":[1,2],"1":[1,1],"2":[1,0],"3":[0,5],"4":[4,1]},"_coverageSchema":"1a1c01bbd47fc00a2c39e90264f33305004495a9","hash":"45f716d364414ee771bd13975eb54785034e7a04"}
,"D:\\CodingProjects\\e-commerce-store\\e-comerce-backend\\backend\\middleware\\middleware.js": {"path":"D:\\CodingProjects\\e-commerce-store\\e-comerce-backend\\backend\\middleware\\middleware.js","statementMap":{"0":{"start":{"line":1,"column":13},"end":{"line":1,"column":38}},"1":{"start":{"line":2,"column":22},"end":{"line":2,"column":58}},"2":{"start":{"line":4,"column":26},"end":{"line":6,"column":1}},"3":{"start":{"line":5,"column":2},"end":{"line":5,"column":70}},"4":{"start":{"line":8,"column":19},"end":{"line":28,"column":1}},"5":{"start":{"line":9,"column":26},"end":{"line":9,"column":37}},"6":{"start":{"line":10,"column":2},"end":{"line":13,"column":3}},"7":{"start":{"line":11,"column":4},"end":{"line":11,"column":58}},"8":{"start":{"line":12,"column":4},"end":{"line":12,"column":10}},"9":{"start":{"line":14,"column":2},"end":{"line":27,"column":3}},"10":{"start":{"line":15,"column":20},"end":{"line":15,"column":66}},"11":{"start":{"line":16,"column":4},"end":{"line":16,"column":24}},"12":{"start":{"line":17,"column":4},"end":{"line":19,"column":5}},"13":{"start":{"line":18,"column":6},"end":{"line":18,"column":60}},"14":{"start":{"line":20,"column":17},"end":{"line":20,"column":63}},"15":{"start":{"line":21,"column":4},"end":{"line":21,"column":22}},"16":{"start":{"line":23,"column":4},"end":{"line":23,"column":10}},"17":{"start":{"line":25,"column":4},"end":{"line":25,"column":30}},"18":{"start":{"line":26,"column":4},"end":{"line":26,"column":47}},"19":{"start":{"line":30,"column":0},"end":{"line":33,"column":1}}},"fnMap":{"0":{"name":"(anonymous_0)","decl":{"start":{"line":4,"column":26},"end":{"line":4,"column":27}},"loc":{"start":{"line":4,"column":52},"end":{"line":6,"column":1}},"line":4},"1":{"name":"(anonymous_1)","decl":{"start":{"line":8,"column":19},"end":{"line":8,"column":20}},"loc":{"start":{"line":8,"column":45},"end":{"line":28,"column":1}},"line":8}},"branchMap":{"0":{"loc":{"start":{"line":5,"column":13},"end":{"line":5,"column":30}},"type":"binary-expr","locations":[{"start":{"line":5,"column":13},"end":{"line":5,"column":23}},{"start":{"line":5,"column":27},"end":{"line":5,"column":30}}],"line":5},"1":{"loc":{"start":{"line":5,"column":37},"end":{"line":5,"column":69}},"type":"cond-expr","locations":[{"start":{"line":5,"column":45},"end":{"line":5,"column":48}},{"start":{"line":5,"column":51},"end":{"line":5,"column":69}}],"line":5},"2":{"loc":{"start":{"line":10,"column":2},"end":{"line":13,"column":3}},"type":"if","locations":[{"start":{"line":10,"column":2},"end":{"line":13,"column":3}},{"start":{},"end":{}}],"line":10},"3":{"loc":{"start":{"line":10,"column":6},"end":{"line":10,"column":60}},"type":"binary-expr","locations":[{"start":{"line":10,"column":6},"end":{"line":10,"column":20}},{"start":{"line":10,"column":24},"end":{"line":10,"column":60}}],"line":10},"4":{"loc":{"start":{"line":17,"column":4},"end":{"line":19,"column":5}},"type":"if","locations":[{"start":{"line":17,"column":4},"end":{"line":19,"column":5}},{"start":{},"end":{}}],"line":17}},"s":{"0":1,"1":1,"2":1,"3":5,"4":1,"5":3,"6":3,"7":0,"8":0,"9":3,"10":3,"11":3,"12":3,"13":0,"14":3,"15":3,"16":3,"17":0,"18":0,"19":1},"f":{"0":5,"1":3},"b":{"0":[5,0],"1":[5,0],"2":[0,3],"3":[3,3],"4":[0,3]},"_coverageSchema":"1a1c01bbd47fc00a2c39e90264f33305004495a9","hash":"96cc5c48dcd96faacd6990f5c16a0a679700588f"}
,"D:\\CodingProjects\\e-commerce-store\\e-comerce-backend\\backend\\models\\Cart.js": {"path":"D:\\CodingProjects\\e-commerce-store\\e-comerce-backend\\backend\\models\\Cart.js","statementMap":{"0":{"start":{"line":1,"column":17},"end":{"line":1,"column":36}},"1":{"start":{"line":3,"column":19},"end":{"line":23,"column":1}},"2":{"start":{"line":25,"column":13},"end":{"line":25,"column":47}},"3":{"start":{"line":26,"column":0},"end":{"line":26,"column":21}}},"fnMap":{},"branchMap":{},"s":{"0":1,"1":1,"2":1,"3":1},"f":{},"b":{},"_coverageSchema":"1a1c01bbd47fc00a2c39e90264f33305004495a9","hash":"54660ca795a8bd40498c30df116487e44e31c368"}
,"D:\\CodingProjects\\e-commerce-store\\e-comerce-backend\\backend\\models\\Product.js": {"path":"D:\\CodingProjects\\e-commerce-store\\e-comerce-backend\\backend\\models\\Product.js","statementMap":{"0":{"start":{"line":1,"column":17},"end":{"line":1,"column":36}},"1":{"start":{"line":3,"column":22},"end":{"line":24,"column":2}},"2":{"start":{"line":26,"column":16},"end":{"line":26,"column":56}},"3":{"start":{"line":28,"column":0},"end":{"line":28,"column":25}}},"fnMap":{},"branchMap":{},"s":{"0":1,"1":1,"2":1,"3":1},"f":{},"b":{},"_coverageSchema":"1a1c01bbd47fc00a2c39e90264f33305004495a9","hash":"1873104537ccce9d3428ed000521efde530d559a"}
,"D:\\CodingProjects\\e-commerce-store\\e-comerce-backend\\backend\\models\\User.js": {"path":"D:\\CodingProjects\\e-commerce-store\\e-comerce-backend\\backend\\models\\User.js","statementMap":{"0":{"start":{"line":1,"column":17},"end":{"line":1,"column":36}},"1":{"start":{"line":3,"column":19},"end":{"line":19,"column":1}},"2":{"start":{"line":21,"column":13},"end":{"line":21,"column":47}},"3":{"start":{"line":22,"column":0},"end":{"line":22,"column":21}}},"fnMap":{},"branchMap":{},"s":{"0":1,"1":1,"2":1,"3":1},"f":{},"b":{},"_coverageSchema":"1a1c01bbd47fc00a2c39e90264f33305004495a9","hash":"b055a17841e011ca378d5a13fd3bf8d46eeb4fe2"}
,"D:\\CodingProjects\\e-commerce-store\\e-comerce-backend\\backend\\routes\\cartRoutes.js": {"path":"D:\\CodingProjects\\e-commerce-store\\e-comerce-backend\\backend\\routes\\cartRoutes.js","statementMap":{"0":{"start":{"line":1,"column":16},"end":{"line":1,"column":34}},"1":{"start":{"line":6,"column":4},"end":{"line":6,"column":44}},"2":{"start":{"line":7,"column":21},"end":{"line":7,"column":56}},"3":{"start":{"line":8,"column":15},"end":{"line":8,"column":31}},"4":{"start":{"line":10,"column":0},"end":{"line":13,"column":39}},"5":{"start":{"line":15,"column":0},"end":{"line":15,"column":62}},"6":{"start":{"line":17,"column":0},"end":{"line":17,"column":23}}},"fnMap":{},"branchMap":{},"s":{"0":1,"1":1,"2":1,"3":1,"4":1,"5":1,"6":1},"f":{},"b":{},"_coverageSchema":"1a1c01bbd47fc00a2c39e90264f33305004495a9","hash":"16c55e79e2463acaa029c70ea3eb7ab87f546b04"}
,"D:\\CodingProjects\\e-commerce-store\\e-comerce-backend\\backend\\routes\\productRoutes.js": {"path":"D:\\CodingProjects\\e-commerce-store\\e-comerce-backend\\backend\\routes\\productRoutes.js","statementMap":{"0":{"start":{"line":1,"column":16},"end":{"line":1,"column":34}},"1":{"start":{"line":2,"column":15},"end":{"line":2,"column":31}},"2":{"start":{"line":6,"column":4},"end":{"line":6,"column":47}},"3":{"start":{"line":8,"column":0},"end":{"line":8,"column":29}},"4":{"start":{"line":9,"column":0},"end":{"line":9,"column":35}},"5":{"start":{"line":11,"column":0},"end":{"line":11,"column":24}}},"fnMap":{},"branchMap":{},"s":{"0":1,"1":1,"2":1,"3":1,"4":1,"5":1},"f":{},"b":{},"_coverageSchema":"1a1c01bbd47fc00a2c39e90264f33305004495a9","hash":"fdb7af3b8bc3730e45ca9da04cbaeae1e30bb0ac"}
,"D:\\CodingProjects\\e-commerce-store\\e-comerce-backend\\backend\\routes\\userRoutes.js": {"path":"D:\\CodingProjects\\e-commerce-store\\e-comerce-backend\\backend\\routes\\userRoutes.js","statementMap":{"0":{"start":{"line":1,"column":16},"end":{"line":1,"column":34}},"1":{"start":{"line":6,"column":4},"end":{"line":6,"column":44}},"2":{"start":{"line":7,"column":21},"end":{"line":7,"column":56}},"3":{"start":{"line":8,"column":15},"end":{"line":8,"column":31}},"4":{"start":{"line":10,"column":0},"end":{"line":10,"column":34}},"5":{"start":{"line":11,"column":0},"end":{"line":11,"column":34}},"6":{"start":{"line":13,"column":0},"end":{"line":13,"column":46}},"7":{"start":{"line":15,"column":0},"end":{"line":15,"column":23}}},"fnMap":{},"branchMap":{},"s":{"0":1,"1":1,"2":1,"3":1,"4":1,"5":1,"6":1,"7":1},"f":{},"b":{},"_coverageSchema":"1a1c01bbd47fc00a2c39e90264f33305004495a9","hash":"f14f26780806f66e29f7b2ecad818f3e4f7563c4"}
,"D:\\CodingProjects\\e-commerce-store\\e-comerce-backend\\backend\\utils\\utility.function.js": {"path":"D:\\CodingProjects\\e-commerce-store\\e-comerce-backend\\backend\\utils\\utility.function.js","statementMap":{"0":{"start":{"line":1,"column":15},"end":{"line":1,"column":32}},"1":{"start":{"line":2,"column":12},"end":{"line":2,"column":35}},"2":{"start":{"line":3,"column":14},"end":{"line":3,"column":41}},"3":{"start":{"line":4,"column":22},"end":{"line":14,"column":1}},"4":{"start":{"line":5,"column":2},"end":{"line":13,"column":4}},"5":{"start":{"line":6,"column":4},"end":{"line":12,"column":6}},"6":{"start":{"line":7,"column":6},"end":{"line":9,"column":7}},"7":{"start":{"line":8,"column":8},"end":{"line":8,"column":19}},"8":{"start":{"line":11,"column":6},"end":{"line":11,"column":19}},"9":{"start":{"line":16,"column":17},"end":{"line":20,"column":1}},"10":{"start":{"line":17,"column":2},"end":{"line":19,"column":4}},"11":{"start":{"line":22,"column":20},"end":{"line":28,"column":4}},"12":{"start":{"line":23,"column":2},"end":{"line":28,"column":4}},"13":{"start":{"line":24,"column":4},"end":{"line":27,"column":6}},"14":{"start":{"line":25,"column":6},"end":{"line":25,"column":33}},"15":{"start":{"line":25,"column":15},"end":{"line":25,"column":33}},"16":{"start":{"line":26,"column":6},"end":{"line":26,"column":22}},"17":{"start":{"line":30,"column":0},"end":{"line":30,"column":55}}},"fnMap":{"0":{"name":"(anonymous_0)","decl":{"start":{"line":4,"column":22},"end":{"line":4,"column":23}},"loc":{"start":{"line":4,"column":50},"end":{"line":14,"column":1}},"line":4},"1":{"name":"(anonymous_1)","decl":{"start":{"line":5,"column":21},"end":{"line":5,"column":22}},"loc":{"start":{"line":5,"column":42},"end":{"line":13,"column":3}},"line":5},"2":{"name":"(anonymous_2)","decl":{"start":{"line":6,"column":43},"end":{"line":6,"column":44}},"loc":{"start":{"line":6,"column":58},"end":{"line":12,"column":5}},"line":6},"3":{"name":"(anonymous_3)","decl":{"start":{"line":16,"column":17},"end":{"line":16,"column":18}},"loc":{"start":{"line":16,"column":25},"end":{"line":20,"column":1}},"line":16},"4":{"name":"(anonymous_4)","decl":{"start":{"line":22,"column":20},"end":{"line":22,"column":21}},"loc":{"start":{"line":23,"column":2},"end":{"line":28,"column":4}},"line":23},"5":{"name":"(anonymous_5)","decl":{"start":{"line":23,"column":14},"end":{"line":23,"column":15}},"loc":{"start":{"line":23,"column":35},"end":{"line":28,"column":3}},"line":23},"6":{"name":"(anonymous_6)","decl":{"start":{"line":24,"column":31},"end":{"line":24,"column":32}},"loc":{"start":{"line":24,"column":49},"end":{"line":27,"column":5}},"line":24}},"branchMap":{"0":{"loc":{"start":{"line":7,"column":6},"end":{"line":9,"column":7}},"type":"if","locations":[{"start":{"line":7,"column":6},"end":{"line":9,"column":7}},{"start":{},"end":{}}],"line":7},"1":{"loc":{"start":{"line":25,"column":6},"end":{"line":25,"column":33}},"type":"if","locations":[{"start":{"line":25,"column":6},"end":{"line":25,"column":33}},{"start":{},"end":{}}],"line":25}},"s":{"0":1,"1":1,"2":1,"3":1,"4":5,"5":5,"6":5,"7":0,"8":5,"9":1,"10":4,"11":1,"12":3,"13":3,"14":3,"15":0,"16":3,"17":1},"f":{"0":5,"1":5,"2":5,"3":4,"4":3,"5":3,"6":3},"b":{"0":[0,5],"1":[0,3]},"_coverageSchema":"1a1c01bbd47fc00a2c39e90264f33305004495a9","hash":"69038b1a3d6f7dc92a4d91bfd97f9ccebc1e4f40"}
}
